<?xml version="1.0" encoding="UTF-8"?>
<!-- Generated by org.testng.reporters.JUnitXMLReporter -->
<testsuite ignored="1" hostname="DESKTOP-6IP6I3A" failures="0" tests="3" name="Test1" time="7.752" errors="0" timestamp="2026-05-25T11:57:10 IST">
  <testcase classname="test.ProductTest" name="Product" time="2.862"/>
  <testcase classname="test.CartTest" name="Cart" time="4.445"/>
  <testcase classname="test.CartTest" name="confermOrder" time="0.42"/>
  <testcase classname="base.Base" name="@BeforeSuite launchApplication" time="0.0">
    <ignored/>
  </testcase> <!-- @BeforeSuite launchApplication -->
</testsuite> <!-- Test1 -->
