<?xml version="1.0" encoding="UTF-8"?>
<!-- Generated by org.testng.reporters.JUnitXMLReporter -->
<testsuite ignored="1" hostname="DESKTOP-6IP6I3A" failures="0" tests="3" name="Test1" time="12.738" errors="0" timestamp="2026-05-26T11:15:02 IST">
  <testcase classname="test.ProductTest" name="Product" time="3.292"/>
  <testcase classname="test.CartTest" name="Cart" time="4.582"/>
  <testcase classname="test.CartTest" name="confermOrder" time="4.838"/>
  <testcase classname="base.Base" name="@BeforeSuite launchApplication" time="0.0">
    <ignored/>
  </testcase> <!-- @BeforeSuite launchApplication -->
</testsuite> <!-- Test1 -->
