<?xml version="1.0" encoding="UTF-8"?>
<testng-results ignored="0" total="4" passed="4" failed="0" skipped="0">
  <reporter-output>
  </reporter-output>
  <suite started-at="2026-05-26T11:14:44 IST" name="Suite" finished-at="2026-05-26T11:15:02 IST" duration-ms="18465">
    <groups>
    </groups>
    <test started-at="2026-05-26T11:14:44 IST" name="Test" finished-at="2026-05-26T11:14:48 IST" duration-ms="4030">
      <class name="test.LoginTest">
        <test-method signature="Login()[pri:0, instance:test.LoginTest@5824a83d]" started-at="2026-05-26T11:14:44 IST" name="Login" finished-at="2026-05-26T11:14:48 IST" duration-ms="3707" status="PASS">
          <reporter-output>
          </reporter-output>
        </test-method> <!-- Login -->
      </class> <!-- test.LoginTest -->
    </test> <!-- Test -->
    <test started-at="2026-05-26T11:14:49 IST" name="Test1" finished-at="2026-05-26T11:15:02 IST" duration-ms="12738">
      <class name="test.ProductTest">
        <test-method is-config="true" signature="launchApplication()[pri:0, instance:test.ProductTest@4b741d6d]" started-at="2026-05-26T11:14:30 IST" name="launchApplication" finished-at="2026-05-26T11:14:44 IST" duration-ms="13458" status="PASS">
          <reporter-output>
          </reporter-output>
        </test-method> <!-- launchApplication -->
        <test-method signature="Product()[pri:0, instance:test.ProductTest@4b741d6d]" started-at="2026-05-26T11:14:49 IST" name="Product" finished-at="2026-05-26T11:14:53 IST" duration-ms="3292" status="PASS">
          <reporter-output>
          </reporter-output>
        </test-method> <!-- Product -->
      </class> <!-- test.ProductTest -->
      <class name="test.CartTest">
        <test-method signature="Cart()[pri:0, instance:test.CartTest@2eae8e6e]" started-at="2026-05-26T11:14:53 IST" name="Cart" finished-at="2026-05-26T11:14:57 IST" duration-ms="4582" status="PASS">
          <reporter-output>
          </reporter-output>
        </test-method> <!-- Cart -->
        <test-method signature="confermOrder()[pri:0, instance:test.CartTest@2eae8e6e]" started-at="2026-05-26T11:14:57 IST" name="confermOrder" finished-at="2026-05-26T11:15:02 IST" duration-ms="4838" status="PASS">
          <reporter-output>
          </reporter-output>
        </test-method> <!-- confermOrder -->
      </class> <!-- test.CartTest -->
    </test> <!-- Test1 -->
  </suite> <!-- Suite -->
</testng-results>
