<?xml version="1.0" encoding="UTF-8"?>
<testng-results ignored="0" total="4" passed="4" failed="0" skipped="0">
  <reporter-output>
  </reporter-output>
  <suite started-at="2026-05-25T11:56:59 IST" name="Suite" finished-at="2026-05-25T11:57:10 IST" duration-ms="10867">
    <groups>
    </groups>
    <test started-at="2026-05-25T11:56:59 IST" name="Test" finished-at="2026-05-25T11:57:01 IST" duration-ms="1840">
      <class name="test.LoginTest">
        <test-method signature="Login()[pri:0, instance:test.LoginTest@791d1f8b]" started-at="2026-05-25T11:56:59 IST" name="Login" finished-at="2026-05-25T11:57:01 IST" duration-ms="1700" status="PASS">
          <reporter-output>
          </reporter-output>
        </test-method> <!-- Login -->
      </class> <!-- test.LoginTest -->
    </test> <!-- Test -->
    <test started-at="2026-05-25T11:57:02 IST" name="Test1" finished-at="2026-05-25T11:57:10 IST" duration-ms="7752">
      <class name="test.ProductTest">
        <test-method is-config="true" signature="launchApplication()[pri:0, instance:test.ProductTest@6736fa8d]" started-at="2026-05-25T11:56:50 IST" name="launchApplication" finished-at="2026-05-25T11:56:59 IST" duration-ms="9361" status="PASS">
          <reporter-output>
          </reporter-output>
        </test-method> <!-- launchApplication -->
        <test-method signature="Product()[pri:0, instance:test.ProductTest@6736fa8d]" started-at="2026-05-25T11:57:02 IST" name="Product" finished-at="2026-05-25T11:57:05 IST" duration-ms="2862" status="PASS">
          <reporter-output>
          </reporter-output>
        </test-method> <!-- Product -->
      </class> <!-- test.ProductTest -->
      <class name="test.CartTest">
        <test-method signature="Cart()[pri:0, instance:test.CartTest@52815fa3]" started-at="2026-05-25T11:57:05 IST" name="Cart" finished-at="2026-05-25T11:57:09 IST" duration-ms="4445" status="PASS">
          <reporter-output>
          </reporter-output>
        </test-method> <!-- Cart -->
        <test-method signature="confermOrder()[pri:0, instance:test.CartTest@52815fa3]" started-at="2026-05-25T11:57:09 IST" name="confermOrder" finished-at="2026-05-25T11:57:10 IST" duration-ms="420" status="PASS">
          <reporter-output>
          </reporter-output>
        </test-method> <!-- confermOrder -->
      </class> <!-- test.CartTest -->
    </test> <!-- Test1 -->
  </suite> <!-- Suite -->
</testng-results>
